latest-aie-rt main-aie version-2024.1 and version-2024.2  fail-commit build error (prints)

2 lite/xaie_lite_privilege.c:321:9: note: include '<string.h>' or provide a declaration of 'memset'
DEBUG    roast.ssh:roast_utils.py:1562 lite/xaie_lite_privilege.c:336:96: error: expected expression before '==' token
DEBUG    roast.ssh:roast_utils.py:1562   336 | t->BaseAddr + _XAie_GetTileAddr(DevInst, 0U, DevInst->NumCols - 1))) ==
DEBUG    roast.ssh:roast_utils.py:1562       |                                                                      ^~
DEBUG    roast.ssh:roast_utils.py:1562
DEBUG    roast.ssh:roast_utils.py:1562 lite/xaie_lite_privilege.c:337:110: error: expected statement before ')' token
DEBUG    roast.ssh:roast_utils.py:1562   337 | seAddr + _XAie_GetTileAddr(DevInst, 0U, (DevPartInfo->NumCols - 1)))) {
DEBUG    roast.ssh:roast_utils.py:1562       |                                                                     ^
DEBUG    roast.ssh:roast_utils.py:1562
DEBUG    roast.ssh:roast_utils.py:1562 lite/xaie_lite_privilege.c: In function 'XAie_PartitionInitialize':
DEBUG    roast.ssh:roast_utils.py:1562 lite/xaie_lite_privilege.c:337:110: error: expected statement before ')' token  337 | seAddr + _XAie_GetTileAddr(DevInst, 0U, (DevPartInfo->NumCols - 1)))) {      |                                                                     ^lite/xaie_lite_privilege.c: In function 'XAie_PartitionInitialize':lite/xaie_lite_privilege.c:378:15: warning: unused variable 'RC' [-Wunused-variable]
DEBUG    roast.ssh:roast_utils.py:1562   378 |         AieRC RC;
DEBUG    roast.ssh:roast_utils.py:1562       |               ^~
DEBUG    roast.ssh:roast_utils.py:1562 make[2]: *** [Makefile:57: lite/xaie_lite_privilege.o] Error 1
DEBUG    roast.ssh:roast_utils.py:1562 make[1]: *** [Makefile:46: psv_cortexa72_0/libsrc/aienginev2_v3_6/src/make.libs] Error 2
DEBUG    roast.ssh:roast_utils.py:1562 make: *** [Makefile:18: all] Error 2
DEBUG    roast.ssh:roast_utils.py:1562 Failed to build  the bsp sources for domain - empty_application_bsp
DEBUG    roast.ssh:roast_utils.py:1562 Failed to generate the platform.
DEBUG    roast.ssh:roast_utils.py:1562 Reason: Failed to build  the bsp sources for domain - empty_application_bsp



latest-aie-rt main-aie version-2024.1 pass-commit build passed (prints)

(.venv) dchauhan@xsjaiedev50:/scratch/dchauhan/temp/extra/build_fails_err_intrpt/aie$ pytest build_aie.py -k "build_custom_xsct_app[vck190-error_interrupt]" -vvs
/scratch/dchauhan/temp/extra/build_fails_err_intrpt/workspace/.venv/lib/python3.10/site-packages/pytest_logger/plugin.py:104: PytestDeprecationWarning: The hookimpl LoggerPlugin.pytest_runtest_makereport uses old-style configuration options (marks or attributes).
Please use the pytest.hookimpl(hookwrapper=True) decorator instead
 to configure the hooks.
 See https://docs.pytest.org/en/latest/deprecations.html#configuring-hook-specs-impls-using-markers
  @pytest.mark.hookwrapper

Test: Session Started...

Test session starts (platform: linux, Python 3.10.6, pytest 7.4.4, pytest-sugar 0.9.7)
cachedir: .pytest_cache
metadata: {'Python': '3.10.6', 'Platform': 'Linux-5.4.0-165-generic-x86_64-with-glibc2.36', 'Packages': {'pytest': '7.4.4', 'pluggy': '1.3.0'}, 'Plugins': {'allure-pytest': '2.13.2', 'flaky': '3.7.0', 'dependency': '0.6.0', 'html': '4.1.1', 'json': '0.4.0', 'logger': '0.5.1', 'metadata': '3.0.0', 'parallel': '0.1.1', 'pretty': '1.2.0', 'reportportal': '5.3.1', 'rerunfailures': '13.0', 'select': '0.1.2', 'sugar': '0.9.7', 'timeout': '2.2.0', 'xdist': '3.5.0', 'roast': '1.5.0', 'roast-internal': '1.3.2'}}
rootdir: /scratch/dchauhan/temp/extra/build_fails_err_intrpt/aie
configfile: pytest.ini
plugins: allure-pytest-2.13.2, flaky-3.7.0, dependency-0.6.0, html-4.1.1, json-0.4.0, logger-0.5.1, metadata-3.0.0, parallel-0.1.1, pretty-1.2.0, reportportal-5.3.1, rerunfailures-13.0, select-0.1.2, sugar-0.9.7, timeout-2.2.0, xdist-3.5.0, roast-1.5.0, roast-internal-1.3.2
collected 377 items / 376 deselected / 1 selected

Test: build_custom_xsct_app[vck190-error_interrupt] Started...

request.config.rootdir.strpath =  /scratch/dchauhan/temp/extra/build_fails_err_intrpt/aie <class 'str'>
%%%%%%%%%%%%%%%%%%%%%%%%%%%%%%%%%%%%%%%%%%%%%%%%%%%%%%%%%%%%
Added rootdir path to sys.path
%%%%%%%%%%%%%%%%%%%%%%%%%%%%%%%%%%%%%%%%%%%%%%%%%%%%%%%%%%%%
Logger setup completed.
New console on xsjaiedev50!
**************************************************************************APP.TCL COMMAND**************************************************************************
*******************************************************************************************************************************************************************
/proj/xbuilds/2024.1_daily_latest/installs/lin64/Vitis/2024.1/bin/xsct /scratch/dchauhan/temp/extra/build_fails_err_intrpt/workspace/.venv/lib/python3.10/site-packages/roast/component/xsct/scout_app.tcl -do_compile "1" -pname "empty_application" -processor "CIPS_0_pspmc_0_psv_cortexa72_0" -osname "standalone" -hdf "/proj/ssw_xhd/verification/no_delete/ssw_designs_300GB/2024.1/designs_stable_latest/versal/prod/aie_adder_gmio//project_1.xsa" -hwpname "hw0" -build_till_bsp "0" -out_dir "/scratch/dchauhan/temp/extra/build_fails_err_intrpt/aie/build/vck190/component/deploy/" -elf_name "error_interrupt" -import_sources "/scratch/dchauhan/temp/extra/build_fails_err_intrpt/aie/error_interrupt/lib/sw_apps/src/" -import_args "-linker-script" -iar_compilation "0" -use_dependency_props "1" -ws "/scratch/dchauhan/temp/extra/build_fails_err_intrpt/aie/build/vck190/error_interrupt/work/empty_application/" -rp "/scratch/dchauhan/temp/extra/build_fails_err_intrpt/aie/build/vck190/error_interrupt/work/aiert" -app "Empty Application(C)" -arch "64"
*******************************************************************************************************************************************************************
*******************************************************************************************************************************************************************

@@@@@@@@@@@@@@@@@@@@@@@@@@@@@@@@@@@@@@@@@@@@@@@@@@@@@@@@@@@@
workdir changes to rootdir
@@@@@@@@@@@@@@@@@@@@@@@@@@@@@@@@@@@@@@@@@@@@@@@@@@@@@@@@@@@@

Test: build_custom_xsct_app[vck190-error_interrupt] Finished...

 build_aie.py::Build_aie.build_custom_xsct_app[vck190-error_interrupt] ✓                                                                            100% ██████████
Test: Session  Finished...

Results (199.78s (0:03:19)):
       1 passed
     376 deselected
	 
	 
	 
	 
latest-aie-rt main-aie version-2024.2 pass-commit build failed (prints)

DEBUG    roast.ssh:roast_utils.py:1562 /scratch/dchauhan/temp/extra/build_fails_err_intrpt/aie/build/vck190/error_interrupt/work/empty_application/hw0/export/hw0/sw/hw0/empty_application_bsp/bspinclude/include/xil_types.h:139:1: warning: useless type name in empty declaration
DEBUG    roast.ssh:roast_utils.py:1562   139 | typedef uintptr_t UINTPTR;
DEBUG    roast.ssh:roast_utils.py:1562       | ^~~~~~~
DEBUG    roast.ssh:roast_utils.py:1562 In file included from /scratch/dchauhan/temp/extra/build_fails_err_intrpt/aie/build/vck190/error_interrupt/work/empty_application/hw0/export/hw0/sw/hw0/empty_application_bsp/bspinclude/include/xscugic.h:164,
DEBUG    roast.ssh:roast_utils.py:1562                  from ../src/error_interrupt.c:39:
DEBUG    roast.ssh:roast_utils.py:1562 /scratch/dchauhan/temp/extra/build_fails_err_intrpt/aie/build/vck190/error_interrupt/work/empty_application/hw0/export/hw0/sw/hw0/empty_application_bsp/bspinclude/include/xil_io.h: In function 'Xil_In8':
DEBUG    roast.ssh:roast_utils.py:1562 /scratch/dchauhan/temp/extra/build_fails_err_intrpt/aie/build/vck190/error_interrupt/work/empty_application/hw0/export/hw0/sw/hw0/empty_application_bsp/bspinclude/include/xil_io.h:101:18: warning: type of 'Addr' defaults to 'int' [-Wimplicit-int]
DEBUG    roast.ssh:roast_utils.py:1562   101 | static INLINE u8 Xil_In8(UINTPTR Addr)
DEBUG    roast.ssh:roast_utils.py:1562       |                  ^~~~~~~
DEBUG    roast.ssh:roast_utils.py:1562 /scratch/dchauhan/temp/extra/build_fails_err_intrpt/aie/build/vck190/error_interrupt/work/empty_application/hw0/export/hw0/sw/hw0/empty_application_bsp/bspinclude/include/xil_io.h:103:17: warning: cast to pointer from integer of different size [-Wint-to-pointer-cast]
DEBUG    roast.ssh:roast_utils.py:1562   103 |         return *(volatile u8 *) Addr;
DEBUG    roast.ssh:roast_utils.py:1562       |                 ^
DEBUG    roast.ssh:roast_utils.py:1562 /scratch/dchauhan/temp/extra/build_fails_err_intrpt/aie/build/vck190/error_interrupt/work/empty_application/hw0/export/hw0/sw/hw0/empty_application_bsp/bspinclude/include/xil_io.h: In function 'Xil_In16':
DEBUG    roast.ssh:roast_utils.py:1562 /scratch/dchauhan/temp/extra/build_fails_err_intrpt/aie/build/vck190/error_interrupt/work/empty_application/hw0/export/hw0/sw/hw0/empty_application_bsp/bspinclude/include/xil_io.h:118:19: warning: type of 'Addr' defaults to 'int' [-Wimplicit-int]
DEBUG    roast.ssh:roast_utils.py:1562   118 | static INLINE u16 Xil_In16(UINTPTR Addr)
DEBUG    roast.ssh:roast_utils.py:1562       |                   ^~~~~~~~
DEBUG    roast.ssh:roast_utils.py:1562 /scratch/dchauhan/temp/extra/build_fails_err_intrpt/aie/build/vck190/error_interrupt/work/empty_application/hw0/export/hw0/sw/hw0/empty_application_bsp/bspinclude/include/xil_io.h:120:17: warning: cast to pointer from integer of different size [-Wint-to-pointer-cast]
DEBUG    roast.ssh:roast_utils.py:1562   120 |         return *(volatile u16 *) Addr;
DEBUG    roast.ssh:roast_utils.py:1562       |                 ^
DEBUG    roast.ssh:roast_utils.py:1562 /scratch/dchauhan/temp/extra/build_fails_err_intrpt/aie/build/vck190/error_interrupt/work/empty_application/hw0/export/hw0/sw/hw0/empty_application_bsp/bspinclude/include/xil_io.h: In function 'Xil_In32':
DEBUG    roast.ssh:roast_utils.py:1562 /scratch/dchauhan/temp/extra/build_fails_err_intrpt/aie/build/vck190/error_interrupt/work/empty_application/hw0/export/hw0/sw/hw0/empty_application_bsp/bspinclude/include/xil_io.h:135:19: warning: type of 'Addr' defaults to 'int' [-Wimplicit-int]
DEBUG    roast.ssh:roast_utils.py:1562   135 | static INLINE u32 Xil_In32(UINTPTR Addr)
DEBUG    roast.ssh:roast_utils.py:1562       |                   ^~~~~~~~
DEBUG    roast.ssh:roast_utils.py:1562 /scratch/dchauhan/temp/extra/build_fails_err_intrpt/aie/build/vck190/error_interrupt/work/empty_application/hw0/export/hw0/sw/hw0/empty_application_bsp/bspinclude/include/xil_io.h:137:17: warning: cast to pointer from integer of different size [-Wint-to-pointer-cast]
DEBUG    roast.ssh:roast_utils.py:1562   137 |         return *(volatile u32 *) Addr;
DEBUG    roast.ssh:roast_utils.py:1562       |                 ^
DEBUG    roast.ssh:roast_utils.py:1562 /scratch/dchauhan/temp/extra/build_fails_err_intrpt/aie/build/vck190/error_interrupt/work/empty_application/hw0/export/hw0/sw/hw0/empty_application_bsp/bspinclude/include/xil_io.h: In function 'Xil_In64':
DEBUG    roast.ssh:roast_utils.py:1562 /scratch/dchauhan/temp/extra/build_fails_err_intrpt/aie/build/vck190/error_interrupt/work/empty_application/hw0/export/hw0/sw/hw0/empty_application_bsp/bspinclude/include/xil_io.h:152:19: warning: type of 'Addr' defaults to 'int' [-Wimplicit-int]
DEBUG    roast.ssh:roast_utils.py:1562   152 | static INLINE u64 Xil_In64(UINTPTR Addr)
DEBUG    roast.ssh:roast_utils.py:1562       |                   ^~~~~~~~
DEBUG    roast.ssh:roast_utils.py:1562 /scratch/dchauhan/temp/extra/build_fails_err_intrpt/aie/build/vck190/error_interrupt/work/empty_application/hw0/export/hw0/sw/hw0/empty_application_bsp/bspinclude/include/xil_io.h:154:17: warning: cast to pointer from integer of different size [-Wint-to-pointer-cast]
DEBUG    roast.ssh:roast_utils.py:1562   154 |         return *(volatile u64 *) Addr;
DEBUG    roast.ssh:roast_utils.py:1562       |                 ^
DEBUG    roast.ssh:roast_utils.py:1562 /scratch/dchauhan/temp/extra/build_fails_err_intrpt/aie/build/vck190/error_interrupt/work/empty_application/hw0/export/hw0/sw/hw0/empty_application_bsp/bspinclude/include/xil_io.h: At top level:
DEBUG    roast.ssh:roast_utils.py:1562 /scratch/dchauhan/temp/extra/build_fails_err_intrpt/aie/build/vck190/error_interrupt/work/empty_application/hw0/export/hw0/sw/hw0/empty_application_bsp/bspinclude/include/xil_io.h:170:42: error: expected ')' before 'u8'
DEBUG    roast.ssh:roast_utils.py:1562   170 | static INLINE void Xil_Out8(UINTPTR Addr, u8 Value)
DEBUG    roast.ssh:roast_utils.py:1562       |                                          ^~~
DEBUG    roast.ssh:roast_utils.py:1562       |                                          )
DEBUG    roast.ssh:roast_utils.py:1562 /scratch/dchauhan/temp/extra/build_fails_err_intrpt/aie/build/vck190/error_interrupt/work/empty_application/hw0/export/hw0/sw/hw0/empty_application_bsp/bspinclude/include/xil_io.h:189:43: error: expected ')' before 'u16'
DEBUG    roast.ssh:roast_utils.py:1562   189 | static INLINE void Xil_Out16(UINTPTR Addr, u16 Value)
DEBUG    roast.ssh:roast_utils.py:1562       |                                           ^~~~
DEBUG    roast.ssh:roast_utils.py:1562       |                                           )
DEBUG    roast.ssh:roast_utils.py:1562 /scratch/dchauhan/temp/extra/build_fails_err_intrpt/aie/build/vck190/error_interrupt/work/empty_application/hw0/export/hw0/sw/hw0/empty_application_bsp/bspinclude/include/xil_io.h:209:43: error: expected ')' before 'u32'
DEBUG    roast.ssh:roast_utils.py:1562   209 | static INLINE void Xil_Out32(UINTPTR Addr, u32 Value)
DEBUG    roast.ssh:roast_utils.py:1562       |                                           ^~~~
DEBUG    roast.ssh:roast_utils.py:1562       |                                           )
DEBUG    roast.ssh:roast_utils.py:1562 /scratch/dchauhan/temp/extra/build_fails_err_intrpt/aie/build/vck190/error_interrupt/work/empty_application/hw0/export/hw0/sw/hw0/empty_application_bsp/bspinclude/include/xil_io.h:232:43: error: expected ')' before 'u64'
DEBUG    roast.ssh:roast_utils.py:1562   232 | static INLINE void Xil_Out64(UINTPTR Addr, u64 Value)
DEBUG    roast.ssh:roast_utils.py:1562       |                                           ^~~~
DEBUG    roast.ssh:roast_utils.py:1562       |                                           )
DEBUG    roast.ssh:roast_utils.py:1562 /scratch/dchauhan/temp/extra/build_fails_err_intrpt/aie/build/vck190/error_interrupt/work/empty_application/hw0/export/hw0/sw/hw0/empty_application_bsp/bspinclude/include/xil_io.h:254:48: error: expected ')' before 'u32'
DEBUG    roast.ssh:roast_utils.py:1562   254 | static INLINE int Xil_SecureOut32(UINTPTR Addr, u32 Value)
DEBUG    roast.ssh:roast_utils.py:1562       |                                                ^~~~
DEBUG    roast.ssh:roast_utils.py:1562       |                                                )
DEBUG    roast.ssh:roast_utils.py:1562 /scratch/dchauhan/temp/extra/build_fails_err_intrpt/aie/build/vck190/error_interrupt/work/empty_application/hw0/export/hw0/sw/hw0/empty_application_bsp/bspinclude/include/xil_io.h: In function 'Xil_In16BE':
DEBUG    roast.ssh:roast_utils.py:1562 /scratch/dchauhan/temp/extra/build_fails_err_intrpt/aie/build/vck190/error_interrupt/work/empty_application/hw0/export/hw0/sw/hw0/empty_application_bsp/bspinclude/include/xil_io.h:362:19: warning: type of 'Addr' defaults to 'int' [-Wimplicit-int]
DEBUG    roast.ssh:roast_utils.py:1562   362 | static INLINE u16 Xil_In16BE(UINTPTR Addr)
DEBUG    roast.ssh:roast_utils.py:1562       |                   ^~~~~~~~~~
DEBUG    roast.ssh:roast_utils.py:1562 /scratch/dchauhan/temp/extra/build_fails_err_intrpt/aie/build/vck190/error_interrupt/work/empty_application/hw0/export/hw0/sw/hw0/empty_application_bsp/bspinclude/include/xil_io.h: In function 'Xil_In32BE':
DEBUG    roast.ssh:roast_utils.py:1562 /scratch/dchauhan/temp/extra/build_fails_err_intrpt/aie/build/vck190/error_interrupt/work/empty_application/hw0/export/hw0/sw/hw0/empty_application_bsp/bspinclude/include/xil_io.h:381:19: warning: type of 'Addr' defaults to 'int' [-Wimplicit-int]
DEBUG    roast.ssh:roast_utils.py:1562   381 | static INLINE u32 Xil_In32BE(UINTPTR Addr)
DEBUG    roast.ssh:roast_utils.py:1562       |                   ^~~~~~~~~~
DEBUG    roast.ssh:roast_utils.py:1562 /scratch/dchauhan/temp/extra/build_fails_err_intrpt/aie/build/vck190/error_interrupt/work/empty_application/hw0/export/hw0/sw/hw0/empty_application_bsp/bspinclude/include/xil_io.h: At top level:
DEBUG    roast.ssh:roast_utils.py:1562 /scratch/dchauhan/temp/extra/build_fails_err_intrpt/aie/build/vck190/error_interrupt/work/empty_application/hw0/export/hw0/sw/hw0/empty_application_bsp/bspinclude/include/xil_io.h:400:45: error: expected ')' before 'u16'
DEBUG    roast.ssh:roast_utils.py:1562   400 | static INLINE void Xil_Out16BE(UINTPTR Addr, u16 Value)
DEBUG    roast.ssh:roast_utils.py:1562       |                                             ^~~~
DEBUG    roast.ssh:roast_utils.py:1562       |                                             )
DEBUG    roast.ssh:roast_utils.py:1562 /scratch/dchauhan/temp/extra/build_fails_err_intrpt/aie/build/vck190/error_interrupt/work/empty_application/hw0/export/hw0/sw/hw0/empty_application_bsp/bspinclude/include/xil_io.h:419:45: error: expected ')' before 'u32'
DEBUG    roast.ssh:roast_utils.py:1562   419 | static INLINE void Xil_Out32BE(UINTPTR Addr, u32 Value)
DEBUG    roast.ssh:roast_utils.py:1562       |                                             ^~~~
DEBUG    roast.ssh:roast_utils.py:1562       |                                             )
DEBUG    roast.ssh:roast_utils.py:1562 In file included from /scratch/dchauhan/temp/extra/build_fails_err_intrpt/aie/build/vck190/error_interrupt/work/empty_application/hw0/export/hw0/sw/hw0/empty_application_bsp/bspinclude/include/xscugic.h:165:
DEBUG    roast.ssh:roast_utils.py:1562 /scratch/dchauhan/temp/extra/build_fails_err_intrpt/aie/build/vck190/error_interrupt/work/empty_application/hw0/export/hw0/sw/hw0/empty_application_bsp/bspinclude/include/xscugic_hw.h:743:9: warning: data definition has no type or storage class
DEBUG    roast.ssh:roast_utils.py:1562   743 | UINTPTR XScuGic_GetRedistBaseAddr(void);
DEBUG    roast.ssh:roast_utils.py:1562       |         ^~~~~~~~~~~~~~~~~~~~~~~~~
DEBUG    roast.ssh:roast_utils.py:1562 /scratch/dchauhan/temp/extra/build_fails_err_intrpt/aie/build/vck190/error_interrupt/work/empty_application/hw0/export/hw0/sw/hw0/empty_application_bsp/bspinclude/include/xscugic_hw.h:743:9: warning: type defaults to 'int' in declaration of 'XScuGic_GetRedistBaseAddr' [-Wimplicit-int]
DEBUG    roast.ssh:roast_utils.py:1562 /scratch/dchauhan/temp/extra/build_fails_err_intrpt/aie/build/vck190/error_interrupt/work/empty_application/hw0/export/hw0/sw/hw0/empty_application_bsp/bspinclude/include/xscugic.h:249:17: error: expected specifier-qualifier-list before 'RedistBaseAddr'
DEBUG    roast.ssh:roast_utils.py:1562   249 |         UINTPTR RedistBaseAddr;
DEBUG    roast.ssh:roast_utils.py:1562       |                 ^~~~~~~~~~~~~~
DEBUG    roast.ssh:roast_utils.py:1562 /scratch/dchauhan/temp/extra/build_fails_err_intrpt/aie/build/vck190/error_interrupt/work/empty_application/hw0/export/hw0/sw/hw0/empty_application_bsp/bspinclude/include/xscugic.h:637:1: warning: parameter names (without types) in function declaration
DEBUG    roast.ssh:roast_utils.py:1562   637 | XScuGic_Config *XScuGic_LookupConfigBaseAddr(UINTPTR BaseAddress);
DEBUG    roast.ssh:roast_utils.py:1562       | ^~~~~~~~~~~~~~
DEBUG    roast.ssh:roast_utils.py:1562 make: *** [src/subdir.mk:26: src/error_interrupt.o] Error 1
DEBUG    roast.ssh:roast_utils.py:1562
DEBUG    roast.ssh:roast_utils.py:1562 01:19:25 Build Finished (took 1s.339ms)
DEBUG    roast.ssh:roast_utils.py:1562
DEBUG    roast.ssh:roast_utils.py:1562 01:19:25 Build Finished (took 1s.339ms)
DEBUG    roast.ssh:roast_utils.py:1562
DEBUG    roast.ssh:roast_utils.py:1562 Finished building projects
DEBUG    roast.ssh:roast_utils.py:1562 Finished building projectsERROR: error_interrupt.elf ELF GENERATION FAILED
	 
